<?xml version="1.0" encoding="UTF-8"?>
<!-- Generated by org.testng.reporters.JUnitXMLReporter -->
<testsuite hostname="LAPTOP-OT5FJEMN" ignored="0" name="Surefire test" tests="1" failures="0" timestamp="27 Mar 2022 11:47:20 GMT" time="14.99" errors="0">
  <testcase name="null" time="0.001" classname="com.eigentech.cucumber.TestRunner">
    <failure type="java.lang.NullPointerException">
      <![CDATA[java.lang.NullPointerException
at com.aventstack.extentreports.reporter.AbstractReporter.loadXMLConfig(AbstractReporter.java:65)
at com.aventstack.extentreports.reporter.AbstractReporter.loadXMLConfig(AbstractReporter.java:60)
at com.cucumber.listener.Reporter.loadXMLConfig(Reporter.java:47)
at com.eigentech.cucumber.TestRunner.setUp(TestRunner.java:22)
at org.junit.runners.model.FrameworkMethod$1.runReflectiveCall(FrameworkMethod.java:47)
at org.junit.internal.runners.model.ReflectiveCallable.run(ReflectiveCallable.java:12)
at org.junit.runners.model.FrameworkMethod.invokeExplosively(FrameworkMethod.java:44)
at org.junit.internal.runners.statements.RunAfters.evaluate(RunAfters.java:33)
at org.junit.runners.ParentRunner.run(ParentRunner.java:309)
at cucumber.api.junit.Cucumber.run(Cucumber.java:100)
at org.junit.runner.JUnitCore.run(JUnitCore.java:160)
at org.junit.runner.JUnitCore.run(JUnitCore.java:138)
... Removed 28 stack frames]]>
    </failure>
  </testcase> <!-- null -->
  <testcase name="shouldAnswerWithTrue on shouldAnswerWithTrue(com.eigentech.AppTest)" time="0.011" classname="com.eigentech.AppTest"/>
</testsuite> <!-- Surefire test -->
