-------------------------------------------------------------------------------
Test set: TestSuite
-------------------------------------------------------------------------------
Tests run: 2, Failures: 1, Errors: 0, Skipped: 0, Time elapsed: 16.008 s <<< FAILURE! - in TestSuite
null on com.eigentech.cucumber.TestRunner(com.eigentech.cucumber.TestRunner)  Time elapsed: 14.015 s  <<< FAILURE!
java.lang.NullPointerException
	at com.eigentech.cucumber.TestRunner.setUp(TestRunner.java:22)

